<?xml version="1.0" encoding="UTF-8"?>
<!-- Generated by org.testng.reporters.JUnitReportReporter -->
<testsuite hostname="DESKTOP-O1UESDN" name="com.tvd.trm.testcases.TRMGenTicketPageTest" tests="2" failures="0" timestamp="15 Jun 2020 06:30:42 GMT" time="36.622" errors="0">
  <testcase name="validatelableTest" time="17.105" classname="com.tvd.trm.testcases.TRMGenTicketPageTest"/>
  <testcase name="enterTicketValueTest" time="19.517" classname="com.tvd.trm.testcases.TRMGenTicketPageTest"/>
</testsuite> <!-- com.tvd.trm.testcases.TRMGenTicketPageTest -->
