<?xml version="1.0" encoding="UTF-8"?>
<!-- Generated by org.testng.reporters.JUnitReportReporter -->
<testsuite hostname="DESKTOP-O1UESDN" name="com.tvd.trm.testcases.TRMManualCollEntryTest" tests="4" failures="0" timestamp="20 Jun 2020 07:13:43 GMT" time="30.367" errors="0">
  <testcase name="setUp" time="16.724" classname="com.tvd.trm.testcases.TRMManualCollEntryTest"/>
  <testcase name="enterdetails" time="7.020" classname="com.tvd.trm.testcases.TRMManualCollEntryTest"/>
  <testcase name="enterdetails" time="6.563" classname="com.tvd.trm.testcases.TRMManualCollEntryTest"/>
  <testcase name="validateradiobtn" time="0.060" classname="com.tvd.trm.testcases.TRMManualCollEntryTest"/>
</testsuite> <!-- com.tvd.trm.testcases.TRMManualCollEntryTest -->
