<?xml version="1.0" encoding="UTF-8"?>
<!-- Generated by org.testng.reporters.JUnitReportReporter -->
<testsuite hostname="DESKTOP-O1UESDN" name="com.tvd.trm.testcases.TRMAddUserPageTest" tests="4" failures="0" timestamp="25 Jun 2020 11:42:06 GMT" time="76.760" errors="0">
  <testcase name="enteradduserValueTest" time="25.741" classname="com.tvd.trm.testcases.TRMAddUserPageTest"/>
  <testcase name="validateadduserTest" time="15.496" classname="com.tvd.trm.testcases.TRMAddUserPageTest"/>
  <testcase name="validateapproveRejectlabelTest" time="18.543" classname="com.tvd.trm.testcases.TRMAddUserPageTest"/>
  <testcase name="userApproveRejectTest" time="16.980" classname="com.tvd.trm.testcases.TRMAddUserPageTest"/>
</testsuite> <!-- com.tvd.trm.testcases.TRMAddUserPageTest -->
