<?xml version="1.0" encoding="UTF-8"?>
<!-- Generated by org.testng.reporters.JUnitReportReporter -->
<testsuite hostname="DESKTOP-O1UESDN" name="com.tvd.trm.testcases.TRMAddUserPageTest" tests="4" failures="0" timestamp="16 Jun 2020 07:13:53 GMT" time="109.667" errors="0">
  <testcase name="enteradduserValueTest" time="36.623" classname="com.tvd.trm.testcases.TRMAddUserPageTest"/>
  <testcase name="validateapproveRejectlabelTest" time="27.068" classname="com.tvd.trm.testcases.TRMAddUserPageTest"/>
  <testcase name="validateadduserTest" time="19.629" classname="com.tvd.trm.testcases.TRMAddUserPageTest"/>
  <testcase name="userApproveRejectTest" time="26.347" classname="com.tvd.trm.testcases.TRMAddUserPageTest"/>
</testsuite> <!-- com.tvd.trm.testcases.TRMAddUserPageTest -->
